<?xml version="1.0" encoding="UTF-8"?>
<!-- Generated by org.testng.reporters.JUnitReportReporter -->
<testsuite hostname="HMECL001147" name="com.qa.test.DemoTest" tests="4" failures="0" timestamp="14 Mar 2019 16:47:48 GMT" time="0.024" errors="0">
  <testcase name="test2" time="0.004" classname="com.qa.test.DemoTest"/>
  <testcase name="test3" time="0.002" classname="com.qa.test.DemoTest"/>
  <testcase name="test4" time="0.004" classname="com.qa.test.DemoTest"/>
  <testcase name="test1" time="0.014" classname="com.qa.test.DemoTest"/>
</testsuite> <!-- com.qa.test.DemoTest -->
